
> project@0.0.0 dev
> ng serve --configuration=development --host 127.0.0.1 --port 4200

[32m✔[0m [33mConsole Ninja[0m extension is connected to [33mAngular[0m, see [36mhttps://tinyurl.com/2vt8jxzw[0m
[33m❯[39m Building...
[32m✔[39m Building...
[1mInitial chunk files[22m               [2m | [22m[1mNames[22m                 [2m | [22m [1mRaw size[22m
[32mstyles.css[39m                        [2m | [22m[2mstyles[22m                [2m | [22m[36m597.73 kB[39m[2m | [22m
[32mmain.js[39m                           [2m | [22m[2mmain[22m                  [2m | [22m  [36m7.94 kB[39m[2m | [22m
[32mchunk-VUJOFXKG.js[39m                 [2m | [22m[2m-[22m                     [2m | [22m[36m938 bytes[39m[2m | [22m
[32mpolyfills.js[39m                      [2m | [22m[2mpolyfills[22m             [2m | [22m [36m95 bytes[39m[2m | [22m

[1m [22m                                 [2m | [22m[1mInitial total[22m         [2m | [22m[1m606.70 kB[22m

[1mLazy chunk files[22m                  [2m | [22m[1mNames[22m                 [2m | [22m [1mRaw size[22m
[32msimulation.component-FNTWTZNR.js[39m  [2m | [22m[2msimulation-component[22m  [2m | [22m [36m46.23 kB[39m[2m | [22m
[32mconsolidated.component-NGC2DLGF.js[39m[2m | [22m[2mconsolidated-component[22m[2m | [22m [36m27.00 kB[39m[2m | [22m
[32mpricing.component-YHWDMCW2.js[39m     [2m | [22m[2mpricing-component[22m     [2m | [22m [36m22.39 kB[39m[2m | [22m
[32mlogin.component-QLIDO6D4.js[39m       [2m | [22m[2mlogin-component[22m       [2m | [22m  [36m8.11 kB[39m[2m | [22m
[32mchunk-QGQWCYBG.js[39m                 [2m | [22m[2m-[22m                     [2m | [22m  [36m7.19 kB[39m[2m | [22m
[32mchunk-MGH3OZV4.js[39m                 [2m | [22m[2m-[22m                     [2m | [22m  [36m5.89 kB[39m[2m | [22m
[32mconsolidated.routes-QIS4T33X.js[39m   [2m | [22m[2mconsolidated-routes[22m   [2m | [22m[36m338 bytes[39m[2m | [22m
[32msimulation.routes-DTNUOWCV.js[39m     [2m | [22m[2msimulation-routes[22m     [2m | [22m[36m324 bytes[39m[2m | [22m
[32mpricing.routes-72BLIBEV.js[39m        [2m | [22m[2mpricing-routes[22m        [2m | [22m[36m303 bytes[39m[2m | [22m
[32mlogin.routes-AB2YQX4M.js[39m          [2m | [22m[2mlogin-routes[22m          [2m | [22m[36m289 bytes[39m[2m | [22m

Application bundle generation complete. [5.269 seconds] - 2026-07-16T21:12:10.898Z

Watch mode enabled. Watching for file changes...
NOTE: Raw file sizes do not reflect development server per-request transformations.
  [32m➜[39m  [1mLocal[22m:   [36mhttp://127.0.0.1:[1m4200[22m/[39m
