[1m[33m[33m▲ [43;33m[[43;30mWARNING[43;33m][0m [1mDuplicate key "icon" in object literal[0m [duplicate-object-key]

    src/app/main/main.component.ts:56:16:
[37m      56 │                 [32micon[37m: 'an an-calculator',
         ╵                 [32m~~~~[0m

  The original key "icon" is here:

    src/app/main/main.component.ts:55:16:
[37m      55 │                 [32micon[37m: 'an an-chart-line-up',
         ╵                 [32m~~~~[0m

[39m[22m
[1m[31m[31mX [41;31m[[41;97mERROR[41;31m][0m [1mTS1117: An object literal cannot have multiple properties with the same name.[0m [1m[35m[plugin angular-compiler][0m

    src/app/main/main.component.ts:66:6:
[37m      66 │       [32micon[37m: 'an an-calculator',
         ╵       [32m~~~~[0m

[39m[22m
[1m[31m[31mX [41;31m[[41;97mERROR[41;31m][0m [1mNG2008: Could not find stylesheet file './consolidated.component.css'.[0m [1m[35m[plugin angular-compiler][0m

    src/app/features/consolidated/component/consolidated.component.ts:24:14:
[37m      24 │   styleUrls: [[32m'./consolidated.component.css'[37m],
         ╵               [32m~~~~~~~~~~~~~~~~~~~~~~~~~~~~~~[0m

[39m[22m
[1m[31m[31mX [41;31m[[41;97mERROR[41;31m][0m [1mNG2008: Could not find stylesheet file './consolidated.component.css'.[0m [1m[35m[plugin angular-compiler][0m

    src/app/features/consolidated/component/consolidated.component.ts:24:14:
[37m      24 │   styleUrls: [[32m'./consolidated.component.css'[37m],
         ╵               [32m~~~~~~~~~~~~~~~~~~~~~~~~~~~~~~[0m

[39m[22m
